Build started 23.10.2013 г. 16:07:18 ч..
     1>Project "G:\SEA\GUIFutureTestQt\GUIFutureTestQt\GUIFutureTestQt.vcxproj" on node 2 (Build target(s)).
     1>CustomBuild:
         Moc'ing FutureGUI.h...
         The system cannot find the path specified.
         Uic'ing FutureGUI.ui...
         The system cannot find the path specified.
         Moc'ing MaskedButton.h...
         The system cannot find the path specified.
         Rcc'ing FutureGUI.qrc...
         The system cannot find the path specified.
     1>C:\Program Files (x86)\MSBuild\Microsoft.Cpp\v4.0\V110\Microsoft.CppCommon.targets(172,5): error MSB6006: "cmd.exe" exited with code 3.
     1>Done Building Project "G:\SEA\GUIFutureTestQt\GUIFutureTestQt\GUIFutureTestQt.vcxproj" (Build target(s)) -- FAILED.

Build FAILED.

Time Elapsed 00:00:00.03
